\BOOKMARK [1][-]{section.1}{\376\377\137\025\212\000}{}% 1
\BOOKMARK [1][-]{section.2}{\376\377\000E\000C\000D\000S\000A\000\040\133\306\170\001\173\227\154\325\127\372\170\100}{}% 2
\BOOKMARK [2][-]{subsection.2.1}{\376\377\000s\000e\000c\000p\0002\0005\0006\000k\0001\000\040\146\362\176\277\123\302\145\160}{section.2}% 3
\BOOKMARK [2][-]{subsection.2.2}{\376\377\000E\000C\000D\000S\000A\000\040\173\176\124\015\116\016\232\214\213\301\166\204\145\160\133\146\155\101\172\013}{section.2}% 4
\BOOKMARK [3][-]{subsubsection.2.2.1}{\376\377\133\306\224\245\165\037\142\020}{subsection.2.2}% 5
\BOOKMARK [3][-]{subsubsection.2.2.2}{\376\377\173\176\124\015\165\037\142\020\000\040\000\050\000s\000e\000c\000p\0002\0005\0006\000k\0001\000\137\000e\000c\000d\000s\000a\000\137\000s\000i\000g\000\137\000s\000i\000g\000n\000\051}{subsection.2.2}% 6
\BOOKMARK [3][-]{subsubsection.2.2.3}{\376\377\173\176\124\015\232\214\213\301\000\040\000\050\000s\000e\000c\000p\0002\0005\0006\000k\0001\000\137\000e\000c\000d\000s\000a\000\137\000s\000i\000g\000\137\000v\000e\000r\000i\000f\000y\000\051}{subsection.2.2}% 7
\BOOKMARK [2][-]{subsection.2.3}{\376\377\215\363\217\307\155\210\140\157\124\310\136\014\145\366\166\204\173\176\124\015\117\052\220\040\145\073\121\373}{section.2}% 8
\BOOKMARK [1][-]{section.3}{\376\377\133\306\170\001\173\227\154\325\166\370\121\163\166\204\225\031\213\357\117\356\131\015}{}% 9
\BOOKMARK [2][-]{subsection.3.1}{\376\377\000E\000C\000D\000S\000A\000\040\173\176\124\015\000\040\000r\000=\0000\000\040\217\271\165\114\147\141\116\366\225\031\213\357}{section.3}% 10
\BOOKMARK [3][-]{subsubsection.3.1.1}{\376\377\225\356\230\230\143\317\217\360}{subsection.3.1}% 11
\BOOKMARK [3][-]{subsubsection.3.1.2}{\376\377\117\356\131\015\145\271\150\110}{subsection.3.1}% 12
\BOOKMARK [3][-]{subsubsection.3.1.3}{\376\377\145\160\133\146\122\006\147\220}{subsection.3.1}% 13
\BOOKMARK [2][-]{subsection.3.2}{\376\377\000N\000o\000n\000c\000e\000\040\221\315\165\050\145\073\121\373\116\016\170\156\133\232\140\047\173\176\124\015\166\204\150\071\147\054\221\315\211\201\140\047}{section.3}% 14
\BOOKMARK [3][-]{subsubsection.3.2.1}{\376\377\000N\000o\000n\000c\000e\000\040\221\315\165\050\166\204\116\343\145\160\145\073\121\373}{subsection.3.2}% 15
\BOOKMARK [3][-]{subsubsection.3.2.2}{\376\377\000R\000F\000C\000\040\0006\0009\0007\0009\000\040\166\204\170\156\133\232\140\047\145\271\150\110}{subsection.3.2}% 16
\BOOKMARK [2][-]{subsection.3.3}{\376\377\173\176\124\015\123\357\225\073\140\047\116\016\000\040\000L\000o\000w\000-\000S\000\040\211\304\203\003\123\026}{section.3}% 17
\BOOKMARK [3][-]{subsubsection.3.3.1}{\376\377\123\357\225\073\140\047\166\204\145\160\133\146\150\071\156\220}{subsection.3.3}% 18
\BOOKMARK [3][-]{subsubsection.3.3.2}{\376\377\153\324\162\171\136\001\116\055\166\204\137\161\124\315}{subsection.3.3}% 19
\BOOKMARK [3][-]{subsubsection.3.3.3}{\376\377\000l\000i\000b\000s\000e\000c\000p\0002\0005\0006\000k\0001\000\040\116\055\166\204\133\236\163\260}{subsection.3.3}% 20
\BOOKMARK [1][-]{section.4}{\376\377\133\306\170\001\173\227\154\325\166\370\121\163\166\204\140\047\200\375\117\030\123\026}{}% 21
\BOOKMARK [2][-]{subsection.4.1}{\376\377\000s\000a\000f\000e\000g\000c\000d\000\040\152\041\220\006\173\227\154\325}{section.4}% 22
\BOOKMARK [3][-]{subsubsection.4.1.1}{\376\377\116\072\116\300\116\110\152\041\220\006\217\320\173\227\146\057\140\047\200\375\164\366\230\210}{subsection.4.1}% 23
\BOOKMARK [3][-]{subsubsection.4.1.2}{\376\377\000s\000a\000f\000e\000g\000c\000d\000\040\173\227\154\325\166\204\150\070\137\303\122\033\145\260}{subsection.4.1}% 24
\BOOKMARK [3][-]{subsubsection.4.1.3}{\376\377\145\066\145\133\140\047\377\032\000\040\166\204\117\134\165\050\116\016\217\355\116\343\165\114}{subsection.4.1}% 25
\BOOKMARK [2][-]{subsection.4.2}{\376\377\000S\000D\000M\000C\000\040\136\046\173\046\123\367\117\115\131\032\150\263\160\271\116\130\173\227\154\325}{section.4}% 26
\BOOKMARK [3][-]{subsubsection.4.2.1}{\376\377\173\227\154\325\221\115\177\156}{subsection.4.2}% 27
\BOOKMARK [3][-]{subsubsection.4.2.2}{\376\377\150\007\221\317\221\315\177\026\170\001\116\016\145\160\133\146\143\250\133\374}{subsection.4.2}% 28
\BOOKMARK [3][-]{subsubsection.4.2.3}{\376\377\166\362\123\026\116\016\133\211\121\150\213\276\213\241}{subsection.4.2}% 29
\BOOKMARK [3][-]{subsubsection.4.2.4}{\376\377\156\220\170\001\116\055\166\204\145\366\225\364\117\247\117\341\220\123\226\062\142\244\176\306\202\202}{subsection.4.2}% 30
\BOOKMARK [2][-]{subsection.4.3}{\376\377\0001\0002\0008\000\040\117\115\133\275\116\130\154\325\116\016\000\040\000M\000o\000n\000t\000g\000o\000m\000e\000r\000y\000\040\152\041\116\130}{section.4}% 31
\BOOKMARK [3][-]{subsubsection.4.3.1}{\376\377\145\160\133\146\227\000\154\102\377\032\116\072\116\300\116\110\227\000\211\201\000\040\0001\0002\0008\000\040\117\115\116\130\154\325}{subsection.4.3}% 32
\BOOKMARK [3][-]{subsubsection.4.3.2}{\376\377\177\026\213\321\126\150\135\356\137\002\116\016\000\040\000M\000S\000V\000C\000\040\166\204\143\021\142\030}{subsection.4.3}% 33
\BOOKMARK [3][-]{subsubsection.4.3.3}{\376\377\117\356\131\015\145\271\150\110\377\032\000M\000S\000V\000C\000\040\121\205\177\156\121\375\145\160}{subsection.4.3}% 34
\BOOKMARK [3][-]{subsubsection.4.3.4}{\376\377\140\047\200\375\143\320\123\107}{subsection.4.3}% 35
\BOOKMARK [2][-]{subsection.4.4}{\376\377\000E\000C\000D\000H\000\040\160\271\116\130\173\227\154\325\146\377\143\142\116\016\000\040\000x\0008\0006\000\137\0006\0004\000\040\154\107\177\026\171\373\226\144}{section.4}% 36
\BOOKMARK [3][-]{subsubsection.4.4.1}{\376\377\000E\000C\000D\000H\000\040\160\271\116\130\173\227\154\325\166\204\146\377\143\142}{subsection.4.4}% 37
\BOOKMARK [3][-]{subsubsection.4.4.2}{\376\377\124\057\123\321}{subsection.4.4}% 38
\BOOKMARK [1][-]{section.5}{\376\377\145\160\133\146\123\237\164\006\140\073\176\323}{}% 39
\BOOKMARK [2][-]{subsection.5.1}{\376\377\151\055\127\006\146\362\176\277\177\244\217\320\173\227}{section.5}% 40
\BOOKMARK [2][-]{subsection.5.2}{\376\377\151\055\127\006\146\362\176\277\171\273\145\143\133\371\145\160\225\356\230\230}{section.5}% 41
\BOOKMARK [2][-]{subsection.5.3}{\376\377\152\041\220\006\116\016\000\040\000G\000C\000D\000\040\173\227\154\325\166\204\121\163\174\373}{section.5}% 42
\BOOKMARK [2][-]{subsection.5.4}{\376\377\150\007\221\317\116\130\154\325\166\204\116\343\145\160\117\030\123\026\172\172\225\364}{section.5}% 43
\BOOKMARK [2][-]{subsection.5.5}{\376\377\124\310\136\014\121\375\145\160\127\050\000\040\000E\000C\000D\000S\000A\000\040\116\055\166\204\116\015\123\357\146\377\116\343\140\047}{section.5}% 44
